        -:    0:Source:cardtest2.c
        -:    0:Graph:cardtest2.gcno
        -:    0:Data:cardtest2.gcda
        -:    0:Runs:1
        -:    0:Programs:1
        -:    1:#include "dominion.h"
        -:    2:#include <stdio.h>
        -:    3:#include <stdlib.h>
        -:    4:
        -:    5:
        1:    6:int myAssert(int test, char* msg) {
        1:    7:  if (!test) {
        1:    8:    printf ("Aseert failed: %s\n", msg);
        -:    9:    if (0) {
        -:   10:      exit(1);
        -:   11:    }
        -:   12:  }
        1:   13:  return 0;
        -:   14:}
        -:   15:
        1:   16:int main() {
        -:   17:
        1:   18:  printf("Smithy card test result\n");
        -:   19:  struct gameState G;
        1:   20:  int k[9] = { smithy,village,  feast, outpost, adventurer, baron,tribute, cutpurse, embargo };
        1:   21:  initializeGame(2, k, 9, &G);
        -:   22:
        1:   23:  G.whoseTurn = 1;
        1:   24:  G.hand[1][0] = smithy;
        1:   25:  int handCount = G.handCount[1];
        -:   26:	
        1:   27:  myAssert(G.handCount[1] == handCount + 2, "Smithy adds wrong number card for player");
        -:   28:
        -:   29:
        -:   30:
        -:   31:
        -:   32:}
