        -:    0:Source:randomtestcard2.c
        -:    0:Graph:randomtestcard2.gcno
        -:    0:Data:randomtestcard2.gcda
        -:    0:Runs:3
        -:    0:Programs:1
        -:    1:// Randomtestcard2 for testing steward. I didn't introduce bug in dominion.c for steward. So the result should be test pass.
        -:    2:#include "dominion.h"
        -:    3:#include "rngs.h"
        -:    4:#include <stdio.h>
        -:    5:#include <math.h>
        -:    6:#include <stdlib.h>
        -:    7:#include <assert.h>
        -:    8:
        -:    9:#define RUNS 50
        -:   10:
        3:   11:int main() {
        -:   12:
        3:   13:	int k[10] = { council_room, smithy, great_hall, ambassador, adventurer, remodel, village, feast, gardens, steward };
        -:   14:
        -:   15:	int seed;
        -:   16:	int ps;
        -:   17:	int p;
        -:   18:	int handCount;
        -:   19:	int numActions;
        -:   20:	int check_act;
        -:   21:	int deckCount;
        -:   22:	struct gameState g;
        -:   23:	int i;
      153:   24:	for (i = 0; i < RUNS; i++) {
      150:   25:		ps = (rand() % 4) + 1;
      150:   26:		p = rand() % ps;
      150:   27:		numActions = (rand() % 25) + 1;
        -:   28:
      150:   29:		seed = rand();
      150:   30:		initializeGame(ps, k, seed, &g);
        -:   31:
      150:   32:		g.deckCount[p] = rand() % MAX_DECK;
      150:   33:		g.discardCount[p] = rand() % MAX_DECK;
      150:   34:		g.handCount[p] = rand() % MAX_HAND;
      150:   35:		g.numPlayers = ps;
      150:   36:		g.whoseTurn = p;
      150:   37:		g.numActions = numActions;
        -:   38:
      150:   39:		handCount = g.handCount[p];
        -:   40:		//check_act = g.numActions;
      150:   41:		deckCount = g.deckCount[p];
      150:   42:		cardEffect((steward), 0, 0, 0, &g, 0, 0);
      150:   43:		handCount -= 3;
        -:   44:
      150:   45:		if (handCount == g.handCount[p])
      150:   46:			printf("The test pass!\n");
        -:   47:		else
    #####:   48:			printf("The test didnt pass\n");
        -:   49:
        -:   50:
        -:   51:	}
        -:   52:
        3:   53:	return 0;
        -:   54:}
