        -:    0:Source:unittest4.c
        -:    0:Graph:unittest4.gcno
        -:    0:Data:unittest4.gcda
        -:    0:Runs:2
        -:    0:Programs:1
        -:    1:#include "assert.h"
        -:    2:#include "dominion.h"
        -:    3:#include "dominion_helpers.h"
        -:    4:#include <stdio.h>
        -:    5:#include "rngs.h"
        -:    6:#include <stdlib.h>
        -:    7:
        -:    8:
function main called 2 returned 100% blocks executed 65%
        2:    9:int main(int argc, char** argv) {
        -:   10:	struct gameState G;
        2:   11:	int v = 0;
        -:   12:
        2:   13:	int k[9] = { smithy,village,  feast, outpost, adventurer, baron,tribute, cutpurse, embargo };
        2:   14:	printf("Unitest for getCost\n");
call    0 returned 100%
        -:   15:
        2:   16:	v = initializeGame(2, k, 9, &G);
call    0 returned 100%
        -:   17:
        2:   18:	assert(v == 0);
branch  0 taken 0% (fallthrough)
branch  1 taken 100%
call    2 never executed
        2:   19:	v = getCost(curse);
call    0 returned 100%
        2:   20:	if (v != 0) {
branch  0 taken 0% (fallthrough)
branch  1 taken 100%
    #####:   21:		printf("\t There is wrong at getCost for curse card \n");
call    0 never executed
    #####:   22:		return 1;
        -:   23:	}
        -:   24:	else
        2:   25:		printf("\t curse card pass\n");
call    0 returned 100%
        2:   26:	v = getCost(estate);
call    0 returned 100%
        2:   27:	if (v != 2) {
branch  0 taken 0% (fallthrough)
branch  1 taken 100%
    #####:   28:		printf("\t There is wrong at getCost for estate card\n");
call    0 never executed
    #####:   29:		return 1;
        -:   30:	}
        -:   31:	else
        2:   32:		printf("\t estate card pass\n");
call    0 returned 100%
        2:   33:	v = getCost(adventurer);
call    0 returned 100%
        2:   34:	if (v != 6) {
branch  0 taken 0% (fallthrough)
branch  1 taken 100%
    #####:   35:		printf("\tThere is wrong at getCost for adventurer card\n");
call    0 never executed
    #####:   36:		return 1;
        -:   37:	}
        -:   38:	else
        2:   39:		printf("\t adventurer card pass\n");
call    0 returned 100%
        2:   40:	v = getCost(duchy);
call    0 returned 100%
        2:   41:	if (v != 5) {
branch  0 taken 0% (fallthrough)
branch  1 taken 100%
    #####:   42:		printf("\tThere is wrong at getCost for duchy card\n");
call    0 never executed
    #####:   43:		return 1;
        -:   44:	}
        -:   45:	else
        2:   46:		printf("\t duchy card pass\n");
call    0 returned 100%
        2:   47:	v = getCost(province);
call    0 returned 100%
        2:   48:	if (v != 8) {
branch  0 taken 0% (fallthrough)
branch  1 taken 100%
    #####:   49:		printf("\tThere is wrong at getCost for province card\n");
call    0 never executed
    #####:   50:		return 1;
        -:   51:	}
        -:   52:	else
        2:   53:		printf("\t province card pass\n");
call    0 returned 100%
        -:   54:
        2:   55:	v = getCost(gardens);
call    0 returned 100%
        2:   56:	if (v != 4) {
branch  0 taken 0% (fallthrough)
branch  1 taken 100%
    #####:   57:		printf("\tThere is wrong at getCost for gardens card\n");
call    0 never executed
    #####:   58:		return 1;
        -:   59:	}
        -:   60:	else
        2:   61:		printf("\t gardens card pass\n");
call    0 returned 100%
        -:   62:
        2:   63:	return 0;
        -:   64:}
